[LOG] Manager::init                            : maxchannels = 1024 studioflags = 00000009 flags 00000000 extradriverdata 0000000000000000.
[LOG] SystemI::init                            : FMOD Studio Version: 00010906 (88495)
[LOG] SystemI::init                            : maxchannels = 1024, flags = 00030000, extradriverdata = 0000000000000000
[LOG] SystemI::setOutputInternal               : Setting output to type 0
[LOG] SystemI::setOutputInternal               : Setting output to type 8
[LOG] SystemI::setOutputInternal               : Setting output to type 8
[LOG] OutputWASAPI::init                       : Mix Format (WAVEFORMATEX): wFormatTag=0xFFFE, nChannels=2, nSamplesPerSec=48000, nAvgBytesPerSec=384000, nBlockAlign=8, wBitsPerSample=32, cbSize=22.
[LOG] OutputWASAPI::init                       : Mix Format (WAVEFORMATEXTENSIBLE): wValidBitsPerSample=32, dwChannelMask=0x00000003, SubFormat=00000003-0000-0010-8000-00AA00389B71.
[LOG] OutputWASAPI::init                       : Output buffer size: 4096 samples, latency: 0.00ms, period: 10.00ms, DSP buffer: 1024 * 4
[LOG] SystemI::init                            : Create master channel group and master sound group.
[LOG] SystemI::init                            : Set up emulated output.  1024 channels
[LOG] SystemI::init                            : create the channel pool
[LOG] SystemI::init                            : create the stream thread
[LOG] Thread::initThread                       : Init FMOD stream thread. Priority: 2, Stack Size: 65536, Semaphore: No, Sleep Time: 10, Looping: Yes.
[LOG] SystemI::DSPCodecPoolRegister            : register codec pool for pool type 5
[LOG] Thread::initThread                       : Init FMOD mixer thread. Priority: 3, Stack Size: 49152, Semaphore: No, Sleep Time: 0, Looping: Yes.
[LOG] AsyncManager::init                       : manager 000000008CA38068 isAsync 1 updatePeriod 0.02
[LOG] Thread::initThread                       : Init FMOD Studio update thread. Priority: 0, Stack Size: 65536, Semaphore: No, Sleep Time: 1, Looping: No.
[LOG] AsyncManager::init                       : done
[LOG] PlaybackSystem::init                     : 
[LOG] Thread::initThread                       : Init FMOD Studio sample load thread. Priority: 0, Stack Size: 65536, Semaphore: No, Sleep Time: 1, Looping: No.
[LOG] PlaybackSystem::init                     : done
[LOG] LiveUpdate::init                         : 
[LOG] Thread::initThread                       : Init FMOD Studio bank load thread. Priority: 0, Stack Size: 65536, Semaphore: No, Sleep Time: 1, Looping: No.
[LOG] Manager::init                            : done.
[LOG] Profile::init                            : Profiler listening on port: 9264
[LOG] Manager::readBank                        : fileversion = 88, compatVersion = 86 (oldest = 44, newest = 88)
[LOG] Manager::readBank                        : fileversion = 88, compatVersion = 86 (oldest = 44, newest = 88)
[LOG] PlaybackSystem::acquireMasterBus         : Setting master channel group format to 6
[LOG] SystemI::createSound                     : filename = Sound\Build\Desktop/Master Bank.bank : mode 02012082
[LOG] SystemI::createSound                     : FMOD_NONBLOCKING specified.  Putting into queue to be opened asynchronously!
[LOG] Thread::initThread                       : Init FMOD nonblocking thread (0). Priority: 1, Stack Size: 81920, Semaphore: Yes, Sleep Time: 0, Looping: Yes.
[LOG] SystemI::createSound                     : setdata soundi = 000000009FB66DD8 : node = 000000009FB83910
[LOG] SystemI::createSound                     : add node to async list : head = 000000003B4DDAF8.  list count = 0
[LOG] AsyncThread::threadFunc                  : Starting Asynchronous operation on sound 000000009FB66DD8
[LOG] SystemI::createSound                     : filename = Sound\Build\Desktop/Master Bank.bank : mode 02012082
[LOG] SystemI::createSoundInternal             :     filename = Sound\Build\Desktop/Master Bank.bank : mode 02012082
[LOG] SystemI::createSound                     :     FMOD_NONBLOCKING specified.  Putting into queue to be opened asynchronously!
[LOG] SystemI::createSoundInternal             :     exinfo->cbsize             = 232
[LOG] SystemI::createSound                     :     setdata soundi = 000000009FB66F88 : node = 000000009FB83FA0
[LOG] SystemI::createSoundInternal             :     exinfo->length             = 24523232
[LOG] SystemI::createSound                     :     add node to async list : head = 000000003B4DDAF8.  list count = 0
[LOG] SystemI::createSoundInternal             :     exinfo->fileoffset         = 93824
[LOG] SystemI::createSoundInternal             :     exinfo->numsubsounds       = 1
[LOG] SystemI::createSound                     :     filename = Sound\Build\Desktop/Master Bank.bank : mode 02012082
[LOG] SystemI::createSoundInternal             :     exinfo->inclusionlist      = 000000009FB83A28
[LOG] SystemI::createSound                     :     FMOD_NONBLOCKING specified.  Putting into queue to be opened asynchronously!
[LOG] SystemI::createSoundInternal             :     exinfo->inclusionlistnum   = 1
[LOG] SystemI::createSound                     :     setdata soundi = 000000009FB67138 : node = 000000009FB84B70
[LOG] SystemI::createSoundInternal             :     exinfo->suggestedsoundtype = 5
[LOG] SystemI::createSound                     :     add node to async list : head = 000000003B4DDAF8.  list count = 1
[LOG] SystemI::createSound                     :     filename = Sound\Build\Desktop/Master Bank.bank : mode 02012082
[LOG] SystemI::createSound                     :     FMOD_NONBLOCKING specified.  Putting into queue to be opened asynchronously!
[LOG] SystemI::createSound                     :     setdata soundi = 000000009FB67498 : node = 000000009FB83520
[LOG] SystemI::createSound                     :     add node to async list : head = 000000003B4DDAF8.  list count = 2
[LOG] SystemI::createSound                     :     filename = Sound\Build\Desktop/Master Bank.bank : mode 02012082
[LOG] SystemI::createSound                     :     FMOD_NONBLOCKING specified.  Putting into queue to be opened asynchronously!
[LOG] SystemI::createSound                     :     setdata soundi = 000000009FB66718 : node = 000000009FB840F0
[LOG] SystemI::createSound                     :     add node to async list : head = 000000003B4DDAF8.  list count = 3
[LOG] SystemI::createSound                     :     filename = Sound\Build\Desktop/Master Bank.bank : mode 02012082
[LOG] SystemI::createSound                     :     FMOD_NONBLOCKING specified.  Putting into queue to be opened asynchronously!
[LOG] SystemI::createSound                     :     setdata soundi = 000000009FB66A78 : node = 000000009FB84E10
[LOG] SystemI::createSound                     :     add node to async list : head = 000000003B4DDAF8.  list count = 4
[LOG] SystemI::createSound                     :     filename = Sound\Build\Desktop/Master Bank.bank : mode 02012082
[LOG] SystemI::createSound                     :     FMOD_NONBLOCKING specified.  Putting into queue to be opened asynchronously!
[LOG] SystemI::createSound                     :     setdata soundi = 000000009FB66C28 : node = 000000009FB83130
[LOG] SystemI::createSound                     :     add node to async list : head = 000000003B4DDAF8.  list count = 5
[LOG] SystemI::createSound                     :     filename = Sound\Build\Desktop/Master Bank.bank : mode 02012082
[LOG] SystemI::createSound                     :     FMOD_NONBLOCKING specified.  Putting into queue to be opened asynchronously!
[LOG] SystemI::createSound                     :     setdata soundi = 000000009FEBCA98 : node = 000000009FB83BB0
[LOG] SystemI::createSound                     :     add node to async list : head = 000000003B4DDAF8.  list count = 6
[LOG] SystemI::createSound                     :     filename = Sound\Build\Desktop/Master Bank.bank : mode 02012082
[LOG] SystemI::createSound                     :     FMOD_NONBLOCKING specified.  Putting into queue to be opened asynchronously!
[LOG] SystemI::createSound                     :     setdata soundi = 000000009FEBC8E8 : node = 000000009FB83280
[LOG] SystemI::createSound                     :     add node to async list : head = 000000003B4DDAF8.  list count = 7
[LOG] SystemI::createSound                     :     filename = Sound\Build\Desktop/Master Bank.bank : mode 02012082
[LOG] SystemI::createSound                     :     FMOD_NONBLOCKING specified.  Putting into queue to be opened asynchronously!
[LOG] SystemI::createSound                     :     setdata soundi = 000000009FEBC3D8 : node = 000000009FB833D0
[LOG] SystemI::createSound                     :     add node to async list : head = 000000003B4DDAF8.  list count = 8
[LOG] SystemI::createSound                     :     filename = Sound\Build\Desktop/Master Bank.bank : mode 02012082
[LOG] SystemI::createSound                     :     FMOD_NONBLOCKING specified.  Putting into queue to be opened asynchronously!
[LOG] SystemI::createSound                     :     setdata soundi = 000000009FEBC228 : node = 000000009FB837C0
[LOG] SystemI::createSound                     :     add node to async list : head = 000000003B4DDAF8.  list count = 9
[LOG] SystemI::createSound                     :     filename = Sound\Build\Desktop/Master Bank.bank : mode 02012082
[LOG] SystemI::createSound                     :     FMOD_NONBLOCKING specified.  Putting into queue to be opened asynchronously!
[LOG] SystemI::createSound                     :     setdata soundi = 000000009FEBC588 : node = 000000008C912650
[LOG] SystemI::createSound                     :     add node to async list : head = 000000003B4DDAF8.  list count = 10
[LOG] SystemI::createSound                     :     filename = Sound\Build\Desktop/Master Bank.bank : mode 02012082
[LOG] SystemI::createSound                     :     FMOD_NONBLOCKING specified.  Putting into queue to be opened asynchronously!
[LOG] SystemI::createSound                     :     setdata soundi = 000000009FEBC738 : node = 000000008C913220
[LOG] SystemI::createSound                     :     add node to async list : head = 000000003B4DDAF8.  list count = 11
[LOG] SystemI::createSound                     :     filename = Sound\Build\Desktop/Master Bank.bank : mode 02012082
[LOG] SystemI::createSound                     :     FMOD_NONBLOCKING specified.  Putting into queue to be opened asynchronously!
[LOG] SystemI::createSound                     :     setdata soundi = 000000009FEBCC48 : node = 000000008C911E70
[LOG] SystemI::createSound                     :     add node to async list : head = 000000003B4DDAF8.  list count = 12
[LOG] SystemI::createSound                     :     filename = Sound\Build\Desktop/Master Bank.bank : mode 02012082
[LOG] SystemI::createSound                     :     FMOD_NONBLOCKING specified.  Putting into queue to be opened asynchronously!
[LOG] SystemI::createSound                     :     setdata soundi = 000000009FEBCDF8 : node = 000000008C9130D0
[LOG] SystemI::createSound                     :     add node to async list : head = 000000003B4DDAF8.  list count = 13
[LOG] SystemI::createSound                     :     filename = Sound\Build\Desktop/Master Bank.bank : mode 02012082
[LOG] SystemI::createSound                     :     FMOD_NONBLOCKING specified.  Putting into queue to be opened asynchronously!
[LOG] SystemI::createSound                     :     setdata soundi = 000000009FEBC078 : node = 000000008C9134C0
[LOG] SystemI::createSound                     :     add node to async list : head = 000000003B4DDAF8.  list count = 14
[LOG] SystemI::createSound                     :     filename = Sound\Build\Desktop/Master Bank.bank : mode 02012082
[LOG] SystemI::createSound                     :     FMOD_NONBLOCKING specified.  Putting into queue to be opened asynchronously!
[LOG] SystemI::createSound                     :     setdata soundi = 000000009FD89878 : node = 000000008C912CE0
[LOG] SystemI::createSound                     :     add node to async list : head = 000000003B4DDAF8.  list count = 15
[LOG] SystemI::createSound                     :     filename = Sound\Build\Desktop/Master Bank.bank : mode 02012082
[LOG] SystemI::createSound                     :     FMOD_NONBLOCKING specified.  Putting into queue to be opened asynchronously!
[LOG] SystemI::createSound                     :     setdata soundi = 000000009FD89F38 : node = 000000008C9127A0
[LOG] SystemI::createSound                     :     add node to async list : head = 000000003B4DDAF8.  list count = 16
[LOG] SystemI::createSoundInternal             :     Format has 1 subsounds.
[LOG] SystemI::createSoundInternal             :     Create as FMOD_CREATESTREAM
[LOG] System::createSoundInternal              :     decode buffersize = 19200 : blocksize = 256 : format = 2
[LOG] SystemI::createSample                    :     mode 02012082 length 19200 samples, lengthbytes 65856
[LOG] SystemI::createSample                    :     channels = 2
[LOG] SystemI::createSample                    :     output = 000000008C80FFC8
[LOG] OutputSoftware::createSample             :     lengthpcm 19200, lengthbytes 65856, channels 2, format 2, freq 48000, mode 0201208a
[LOG] System::createSoundInternal              :     1 subsounds detected.
[LOG] System::createSoundInternal              :     Seek stream to start
[LOG] System::createSoundInternal              :     switch file handle from small blocking single buffered to large nonblocking doublebuffered.
[LOG] Thread::initThread                       :         Init FMOD file thread. Priority: 1, Stack Size: 16384, Semaphore: No, Sleep Time: 10, Looping: Yes.
[LOG] SystemI::createSoundInternal             :     done.  OpenState now = FMOD_OPENSTATE_READY.

[LOG] AsyncThread::threadFunc                  : Finished Asynchronous operation on sound 000000009FB66DD8
[LOG] AsyncThread::threadFunc                  : Starting Asynchronous operation on sound 000000009FB66F88
[LOG] SystemI::createSoundInternal             :     filename = Sound\Build\Desktop/Master Bank.bank : mode 02012082
[LOG] SystemI::createSoundInternal             :     exinfo->cbsize             = 232
[LOG] SystemI::createSoundInternal             :     exinfo->length             = 24523232
[LOG] SystemI::createSoundInternal             :     exinfo->fileoffset         = 93824
[LOG] SystemI::createSoundInternal             :     exinfo->numsubsounds       = 1
[LOG] SystemI::createSoundInternal             :     exinfo->inclusionlist      = 000000009FB840B8
[LOG] SystemI::createSoundInternal             :     exinfo->inclusionlistnum   = 1
[LOG] SystemI::createSoundInternal             :     exinfo->suggestedsoundtype = 5
[LOG] SystemI::createSoundInternal             :     Format has 1 subsounds.
[LOG] SystemI::createSoundInternal             :     Create as FMOD_CREATESTREAM
[LOG] System::createSoundInternal              :     decode buffersize = 19200 : blocksize = 256 : format = 2
[LOG] SystemI::createSample                    :     mode 02012082 length 19200 samples, lengthbytes 65856
[LOG] SystemI::createSample                    :     channels = 2
[LOG] SystemI::createSample                    :     output = 000000008C80FFC8
[LOG] OutputSoftware::createSample             :     lengthpcm 19200, lengthbytes 65856, channels 2, format 2, freq 48000, mode 0201208a
[LOG] System::createSoundInternal              :     1 subsounds detected.
[LOG] System::createSoundInternal              :     Seek stream to start
[LOG] System::createSoundInternal              :     switch file handle from small blocking single buffered to large nonblocking doublebuffered.
[LOG] SystemI::createSoundInternal             :     done.  OpenState now = FMOD_OPENSTATE_READY.

[LOG] AsyncThread::threadFunc                  : Finished Asynchronous operation on sound 000000009FB66F88
[LOG] AsyncThread::threadFunc                  : Starting Asynchronous operation on sound 000000009FB67138
[LOG] SystemI::createSoundInternal             :     filename = Sound\Build\Desktop/Master Bank.bank : mode 02012082
[LOG] SystemI::createSoundInternal             :     exinfo->cbsize             = 232
[LOG] SystemI::createSoundInternal             :     exinfo->length             = 24523232
[LOG] SystemI::createSoundInternal             :     exinfo->fileoffset         = 93824
[LOG] SystemI::createSoundInternal             :     exinfo->numsubsounds       = 1
[LOG] SystemI::createSoundInternal             :     exinfo->inclusionlist      = 000000009FB84C88
[LOG] SystemI::createSoundInternal             :     exinfo->inclusionlistnum   = 1
[LOG] SystemI::createSoundInternal             :     exinfo->suggestedsoundtype = 5
[LOG] SystemI::createSoundInternal             :     Format has 1 subsounds.
[LOG] SystemI::createSoundInternal             :     Create as FMOD_CREATESTREAM
[LOG] System::createSoundInternal              :     decode buffersize = 19200 : blocksize = 256 : format = 2
[LOG] SystemI::createSample                    :     mode 02012082 length 19200 samples, lengthbytes 65856
[LOG] SystemI::createSample                    :     channels = 2
[LOG] SystemI::createSample                    :     output = 000000008C80FFC8
[LOG] OutputSoftware::createSample             :     lengthpcm 19200, lengthbytes 65856, channels 2, format 2, freq 48000, mode 0201208a
[LOG] System::createSoundInternal              :     1 subsounds detected.
[LOG] System::createSoundInternal              :     Seek stream to start
[LOG] System::createSoundInternal              :     switch file handle from small blocking single buffered to large nonblocking doublebuffered.
[LOG] SystemI::createSoundInternal             :     done.  OpenState now = FMOD_OPENSTATE_READY.

[LOG] AsyncThread::threadFunc                  : Finished Asynchronous operation on sound 000000009FB67138
[LOG] AsyncThread::threadFunc                  : Starting Asynchronous operation on sound 000000009FB67498
[LOG] SystemI::createSoundInternal             :     filename = Sound\Build\Desktop/Master Bank.bank : mode 02012082
[LOG] SystemI::createSoundInternal             :     exinfo->cbsize             = 232
[LOG] SystemI::createSoundInternal             :     exinfo->length             = 24523232
[LOG] SystemI::createSoundInternal             :     exinfo->fileoffset         = 93824
[LOG] SystemI::createSoundInternal             :     exinfo->numsubsounds       = 1
[LOG] SystemI::createSoundInternal             :     exinfo->inclusionlist      = 000000009FB83638
[LOG] SystemI::createSoundInternal             :     exinfo->inclusionlistnum   = 1
[LOG] SystemI::createSoundInternal             :     exinfo->suggestedsoundtype = 5
[LOG] SystemI::createSoundInternal             :     Format has 1 subsounds.
[LOG] SystemI::createSoundInternal             :     Create as FMOD_CREATESTREAM
[LOG] System::createSoundInternal              :     decode buffersize = 19200 : blocksize = 256 : format = 2
[LOG] SystemI::createSample                    :     mode 02012082 length 19200 samples, lengthbytes 65856
[LOG] SystemI::createSample                    :     channels = 2
[LOG] SystemI::createSample                    :     output = 000000008C80FFC8
[LOG] OutputSoftware::createSample             :     lengthpcm 19200, lengthbytes 65856, channels 2, format 2, freq 48000, mode 0201208a
[LOG] System::createSoundInternal              :     1 subsounds detected.
[LOG] System::createSoundInternal              :     Seek stream to start
[LOG] System::createSoundInternal              :     switch file handle from small blocking single buffered to large nonblocking doublebuffered.
[LOG] SystemI::createSoundInternal             :     done.  OpenState now = FMOD_OPENSTATE_READY.

[LOG] AsyncThread::threadFunc                  : Finished Asynchronous operation on sound 000000009FB67498
[LOG] AsyncThread::threadFunc                  : Starting Asynchronous operation on sound 000000009FB66718
[LOG] SystemI::createSoundInternal             :     filename = Sound\Build\Desktop/Master Bank.bank : mode 02012082
[LOG] SystemI::createSoundInternal             :     exinfo->cbsize             = 232
[LOG] SystemI::createSoundInternal             :     exinfo->length             = 24523232
[LOG] SystemI::createSoundInternal             :     exinfo->fileoffset         = 93824
[LOG] SystemI::createSoundInternal             :     exinfo->numsubsounds       = 1
[LOG] SystemI::createSoundInternal             :     exinfo->inclusionlist      = 000000009FB84208
[LOG] SystemI::createSoundInternal             :     exinfo->inclusionlistnum   = 1
[LOG] SystemI::createSoundInternal             :     exinfo->suggestedsoundtype = 5
[LOG] SystemI::createSoundInternal             :     Format has 1 subsounds.
[LOG] SystemI::createSoundInternal             :     Create as FMOD_CREATESTREAM
[LOG] System::createSoundInternal              :     decode buffersize = 19200 : blocksize = 256 : format = 2
[LOG] SystemI::createSample                    :     mode 02012082 length 19200 samples, lengthbytes 65856
[LOG] SystemI::createSample                    :     channels = 2
[LOG] SystemI::createSample                    :     output = 000000008C80FFC8
[LOG] OutputSoftware::createSample             :     lengthpcm 19200, lengthbytes 65856, channels 2, format 2, freq 48000, mode 0201208a
[LOG] System::createSoundInternal              :     1 subsounds detected.
[LOG] System::createSoundInternal              :     Seek stream to start
[LOG] System::createSoundInternal              :     switch file handle from small blocking single buffered to large nonblocking doublebuffered.
[LOG] SystemI::createSoundInternal             :     done.  OpenState now = FMOD_OPENSTATE_READY.

[LOG] AsyncThread::threadFunc                  : Finished Asynchronous operation on sound 000000009FB66718
[LOG] AsyncThread::threadFunc                  : Starting Asynchronous operation on sound 000000009FB66A78
[LOG] SystemI::createSoundInternal             :     filename = Sound\Build\Desktop/Master Bank.bank : mode 02012082
[LOG] SystemI::createSoundInternal             :     exinfo->cbsize             = 232
[LOG] SystemI::createSoundInternal             :     exinfo->length             = 24523232
[LOG] SystemI::createSoundInternal             :     exinfo->fileoffset         = 93824
[LOG] SystemI::createSoundInternal             :     exinfo->numsubsounds       = 1
[LOG] SystemI::createSoundInternal             :     exinfo->inclusionlist      = 000000009FB84F28
[LOG] SystemI::createSoundInternal             :     exinfo->inclusionlistnum   = 1
[LOG] SystemI::createSoundInternal             :     exinfo->suggestedsoundtype = 5
[LOG] SystemI::createSoundInternal             :     Format has 1 subsounds.
[LOG] SystemI::createSoundInternal             :     Create as FMOD_CREATESTREAM
[LOG] System::createSoundInternal              :     decode buffersize = 19200 : blocksize = 256 : format = 2
[LOG] SystemI::createSample                    :     mode 02012082 length 19200 samples, lengthbytes 65856
[LOG] SystemI::createSample                    :     channels = 2
[LOG] SystemI::createSample                    :     output = 000000008C80FFC8
[LOG] OutputSoftware::createSample             :     lengthpcm 19200, lengthbytes 65856, channels 2, format 2, freq 48000, mode 0201208a
[LOG] System::createSoundInternal              :     1 subsounds detected.
[LOG] System::createSoundInternal              :     Seek stream to start
[LOG] System::createSoundInternal              :     switch file handle from small blocking single buffered to large nonblocking doublebuffered.
[LOG] SystemI::createSoundInternal             :     done.  OpenState now = FMOD_OPENSTATE_READY.

[LOG] AsyncThread::threadFunc                  : Finished Asynchronous operation on sound 000000009FB66A78
[LOG] AsyncThread::threadFunc                  : Starting Asynchronous operation on sound 000000009FB66C28
[LOG] SystemI::createSoundInternal             :     filename = Sound\Build\Desktop/Master Bank.bank : mode 02012082
[LOG] SystemI::createSoundInternal             :     exinfo->cbsize             = 232
[LOG] SystemI::createSoundInternal             :     exinfo->length             = 24523232
[LOG] SystemI::createSoundInternal             :     exinfo->fileoffset         = 93824
[LOG] SystemI::createSoundInternal             :     exinfo->numsubsounds       = 1
[LOG] SystemI::createSoundInternal             :     exinfo->inclusionlist      = 000000009FB83248
[LOG] SystemI::createSoundInternal             :     exinfo->inclusionlistnum   = 1
[LOG] SystemI::createSoundInternal             :     exinfo->suggestedsoundtype = 5
[LOG] SystemI::createSoundInternal             :     Format has 1 subsounds.
[LOG] SystemI::createSoundInternal             :     Create as FMOD_CREATESTREAM
[LOG] System::createSoundInternal              :     decode buffersize = 19200 : blocksize = 256 : format = 2
[LOG] SystemI::createSample                    :     mode 02012082 length 19200 samples, lengthbytes 65856
[LOG] SystemI::createSample                    :     channels = 2
[LOG] SystemI::createSample                    :     output = 000000008C80FFC8
[LOG] OutputSoftware::createSample             :     lengthpcm 19200, lengthbytes 65856, channels 2, format 2, freq 48000, mode 0201208a
[LOG] System::createSoundInternal              :     1 subsounds detected.
[LOG] System::createSoundInternal              :     Seek stream to start
[LOG] System::createSoundInternal              :     switch file handle from small blocking single buffered to large nonblocking doublebuffered.
[LOG] SystemI::createSoundInternal             :     done.  OpenState now = FMOD_OPENSTATE_READY.

[LOG] AsyncThread::threadFunc                  : Finished Asynchronous operation on sound 000000009FB66C28
[LOG] AsyncThread::threadFunc                  : Starting Asynchronous operation on sound 000000009FEBCA98
[LOG] SystemI::createSoundInternal             :     filename = Sound\Build\Desktop/Master Bank.bank : mode 02012082
[LOG] SystemI::createSoundInternal             :     exinfo->cbsize             = 232
[LOG] SystemI::createSoundInternal             :     exinfo->length             = 24523232
[LOG] SystemI::createSoundInternal             :     exinfo->fileoffset         = 93824
[LOG] SystemI::createSoundInternal             :     exinfo->numsubsounds       = 1
[LOG] SystemI::createSoundInternal             :     exinfo->inclusionlist      = 000000009FB83CC8
[LOG] SystemI::createSoundInternal             :     exinfo->inclusionlistnum   = 1
[LOG] SystemI::createSoundInternal             :     exinfo->suggestedsoundtype = 5
[LOG] SystemI::createSoundInternal             :     Format has 1 subsounds.
[LOG] SystemI::createSoundInternal             :     Create as FMOD_CREATESTREAM
[LOG] System::createSoundInternal              :     decode buffersize = 19200 : blocksize = 256 : format = 2
[LOG] SystemI::createSample                    :     mode 02012082 length 19200 samples, lengthbytes 65856
[LOG] SystemI::createSample                    :     channels = 2
[LOG] SystemI::createSample                    :     output = 000000008C80FFC8
[LOG] OutputSoftware::createSample             :     lengthpcm 19200, lengthbytes 65856, channels 2, format 2, freq 48000, mode 0201208a
[LOG] System::createSoundInternal              :     1 subsounds detected.
[LOG] System::createSoundInternal              :     Seek stream to start
[LOG] System::createSoundInternal              :     switch file handle from small blocking single buffered to large nonblocking doublebuffered.
[LOG] SystemI::createSoundInternal             :     done.  OpenState now = FMOD_OPENSTATE_READY.

[LOG] AsyncThread::threadFunc                  : Finished Asynchronous operation on sound 000000009FEBCA98
[LOG] AsyncThread::threadFunc                  : Starting Asynchronous operation on sound 000000009FEBC8E8
[LOG] SystemI::createSoundInternal             :     filename = Sound\Build\Desktop/Master Bank.bank : mode 02012082
[LOG] SystemI::createSoundInternal             :     exinfo->cbsize             = 232
[LOG] SystemI::createSoundInternal             :     exinfo->length             = 24523232
[LOG] SystemI::createSoundInternal             :     exinfo->fileoffset         = 93824
[LOG] SystemI::createSoundInternal             :     exinfo->numsubsounds       = 1
[LOG] SystemI::createSoundInternal             :     exinfo->inclusionlist      = 000000009FB83398
[LOG] SystemI::createSoundInternal             :     exinfo->inclusionlistnum   = 1
[LOG] SystemI::createSoundInternal             :     exinfo->suggestedsoundtype = 5
[LOG] SystemI::createSoundInternal             :     Format has 1 subsounds.
[LOG] SystemI::createSoundInternal             :     Create as FMOD_CREATESTREAM
[LOG] System::createSoundInternal              :     decode buffersize = 19200 : blocksize = 256 : format = 2
[LOG] SystemI::createSample                    :     mode 02012082 length 19200 samples, lengthbytes 65856
[LOG] SystemI::createSample                    :     channels = 2
[LOG] SystemI::createSample                    :     output = 000000008C80FFC8
[LOG] OutputSoftware::createSample             :     lengthpcm 19200, lengthbytes 65856, channels 2, format 2, freq 48000, mode 0201208a
[LOG] System::createSoundInternal              :     1 subsounds detected.
[LOG] System::createSoundInternal              :     Seek stream to start
[LOG] System::createSoundInternal              :     switch file handle from small blocking single buffered to large nonblocking doublebuffered.
[LOG] SystemI::createSoundInternal             :     done.  OpenState now = FMOD_OPENSTATE_READY.

[LOG] AsyncThread::threadFunc                  : Finished Asynchronous operation on sound 000000009FEBC8E8
[LOG] AsyncThread::threadFunc                  : Starting Asynchronous operation on sound 000000009FEBC3D8
[LOG] SystemI::createSoundInternal             :     filename = Sound\Build\Desktop/Master Bank.bank : mode 02012082
[LOG] SystemI::createSoundInternal             :     exinfo->cbsize             = 232
[LOG] SystemI::createSoundInternal             :     exinfo->length             = 24523232
[LOG] SystemI::createSoundInternal             :     exinfo->fileoffset         = 93824
[LOG] SystemI::createSoundInternal             :     exinfo->numsubsounds       = 1
[LOG] SystemI::createSoundInternal             :     exinfo->inclusionlist      = 000000009FB834E8
[LOG] SystemI::createSoundInternal             :     exinfo->inclusionlistnum   = 1
[LOG] SystemI::createSoundInternal             :     exinfo->suggestedsoundtype = 5
[LOG] SystemI::createSoundInternal             :     Format has 1 subsounds.
[LOG] SystemI::createSoundInternal             :     Create as FMOD_CREATESTREAM
[LOG] System::createSoundInternal              :     decode buffersize = 19200 : blocksize = 256 : format = 2
[LOG] SystemI::createSample                    :     mode 02012082 length 19200 samples, lengthbytes 65856
[LOG] SystemI::createSample                    :     channels = 2
[LOG] SystemI::createSample                    :     output = 000000008C80FFC8
[LOG] OutputSoftware::createSample             :     lengthpcm 19200, lengthbytes 65856, channels 2, format 2, freq 48000, mode 0201208a
[LOG] System::createSoundInternal              :     1 subsounds detected.
[LOG] System::createSoundInternal              :     Seek stream to start
[LOG] System::createSoundInternal              :     switch file handle from small blocking single buffered to large nonblocking doublebuffered.
[LOG] SystemI::createSoundInternal             :     done.  OpenState now = FMOD_OPENSTATE_READY.

[LOG] AsyncThread::threadFunc                  : Finished Asynchronous operation on sound 000000009FEBC3D8
[LOG] AsyncThread::threadFunc                  : Starting Asynchronous operation on sound 000000009FEBC228
[LOG] SystemI::createSoundInternal             :     filename = Sound\Build\Desktop/Master Bank.bank : mode 02012082
[LOG] SystemI::createSoundInternal             :     exinfo->cbsize             = 232
[LOG] SystemI::createSoundInternal             :     exinfo->length             = 24523232
[LOG] SystemI::createSoundInternal             :     exinfo->fileoffset         = 93824
[LOG] SystemI::createSoundInternal             :     exinfo->numsubsounds       = 1
[LOG] SystemI::createSoundInternal             :     exinfo->inclusionlist      = 000000009FB838D8
[LOG] SystemI::createSoundInternal             :     exinfo->inclusionlistnum   = 1
[LOG] SystemI::createSoundInternal             :     exinfo->suggestedsoundtype = 5
[LOG] SystemI::createSoundInternal             :     Format has 1 subsounds.
[LOG] SystemI::createSoundInternal             :     Create as FMOD_CREATESTREAM
[LOG] System::createSoundInternal              :     decode buffersize = 19200 : blocksize = 256 : format = 2
[LOG] SystemI::createSample                    :     mode 02012082 length 19200 samples, lengthbytes 65856
[LOG] SystemI::createSample                    :     channels = 2
[LOG] SystemI::createSample                    :     output = 000000008C80FFC8
[LOG] OutputSoftware::createSample             :     lengthpcm 19200, lengthbytes 65856, channels 2, format 2, freq 48000, mode 0201208a
[LOG] System::createSoundInternal              :     1 subsounds detected.
[LOG] System::createSoundInternal              :     Seek stream to start
[LOG] System::createSoundInternal              :     switch file handle from small blocking single buffered to large nonblocking doublebuffered.
[LOG] SystemI::createSoundInternal             :     done.  OpenState now = FMOD_OPENSTATE_READY.

[LOG] AsyncThread::threadFunc                  : Finished Asynchronous operation on sound 000000009FEBC228
[LOG] AsyncThread::threadFunc                  : Starting Asynchronous operation on sound 000000009FEBC588
[LOG] SystemI::createSoundInternal             :     filename = Sound\Build\Desktop/Master Bank.bank : mode 02012082
[LOG] SystemI::createSoundInternal             :     exinfo->cbsize             = 232
[LOG] SystemI::createSoundInternal             :     exinfo->length             = 24523232
[LOG] SystemI::createSoundInternal             :     exinfo->fileoffset         = 93824
[LOG] SystemI::createSoundInternal             :     exinfo->numsubsounds       = 1
[LOG] SystemI::createSoundInternal             :     exinfo->inclusionlist      = 000000008C912768
[LOG] SystemI::createSoundInternal             :     exinfo->inclusionlistnum   = 1
[LOG] SystemI::createSoundInternal             :     exinfo->suggestedsoundtype = 5
[LOG] SystemI::createSoundInternal             :     Format has 1 subsounds.
[LOG] SystemI::createSoundInternal             :     Create as FMOD_CREATESTREAM
[LOG] System::createSoundInternal              :     decode buffersize = 19200 : blocksize = 256 : format = 2
[LOG] SystemI::createSample                    :     mode 02012082 length 19200 samples, lengthbytes 65856
[LOG] SystemI::createSample                    :     channels = 2
[LOG] SystemI::createSample                    :     output = 000000008C80FFC8
[LOG] OutputSoftware::createSample             :     lengthpcm 19200, lengthbytes 65856, channels 2, format 2, freq 48000, mode 0201208a
[LOG] System::createSoundInternal              :     1 subsounds detected.
[LOG] System::createSoundInternal              :     Seek stream to start
[LOG] System::createSoundInternal              :     switch file handle from small blocking single buffered to large nonblocking doublebuffered.
[LOG] SystemI::createSoundInternal             :     done.  OpenState now = FMOD_OPENSTATE_READY.

[LOG] AsyncThread::threadFunc                  : Finished Asynchronous operation on sound 000000009FEBC588
[LOG] AsyncThread::threadFunc                  : Starting Asynchronous operation on sound 000000009FEBC738
[LOG] SystemI::createSoundInternal             :     filename = Sound\Build\Desktop/Master Bank.bank : mode 02012082
[LOG] SystemI::createSoundInternal             :     exinfo->cbsize             = 232
[LOG] SystemI::createSoundInternal             :     exinfo->length             = 24523232
[LOG] SystemI::createSoundInternal             :     exinfo->fileoffset         = 93824
[LOG] SystemI::createSoundInternal             :     exinfo->numsubsounds       = 1
[LOG] SystemI::createSoundInternal             :     exinfo->inclusionlist      = 000000008C913338
[LOG] SystemI::createSoundInternal             :     exinfo->inclusionlistnum   = 1
[LOG] SystemI::createSoundInternal             :     exinfo->suggestedsoundtype = 5
[LOG] SystemI::createSoundInternal             :     Format has 1 subsounds.
[LOG] SystemI::createSoundInternal             :     Create as FMOD_CREATESTREAM
[LOG] System::createSoundInternal              :     decode buffersize = 19200 : blocksize = 256 : format = 2
[LOG] SystemI::createSample                    :     mode 02012082 length 19200 samples, lengthbytes 65856
[LOG] SystemI::createSample                    :     channels = 2
[LOG] SystemI::createSample                    :     output = 000000008C80FFC8
[LOG] OutputSoftware::createSample             :     lengthpcm 19200, lengthbytes 65856, channels 2, format 2, freq 48000, mode 0201208a
[LOG] System::createSoundInternal              :     1 subsounds detected.
[LOG] System::createSoundInternal              :     Seek stream to start
[LOG] System::createSoundInternal              :     switch file handle from small blocking single buffered to large nonblocking doublebuffered.
[LOG] SystemI::createSoundInternal             :     done.  OpenState now = FMOD_OPENSTATE_READY.

[LOG] AsyncThread::threadFunc                  : Finished Asynchronous operation on sound 000000009FEBC738
[LOG] AsyncThread::threadFunc                  : Starting Asynchronous operation on sound 000000009FEBCC48
[LOG] SystemI::createSoundInternal             :     filename = Sound\Build\Desktop/Master Bank.bank : mode 02012082
[LOG] SystemI::createSoundInternal             :     exinfo->cbsize             = 232
[LOG] SystemI::createSoundInternal             :     exinfo->length             = 24523232
[LOG] SystemI::createSoundInternal             :     exinfo->fileoffset         = 93824
[LOG] SystemI::createSoundInternal             :     exinfo->numsubsounds       = 1
[LOG] SystemI::createSoundInternal             :     exinfo->inclusionlist      = 000000008C911F88
[LOG] SystemI::createSoundInternal             :     exinfo->inclusionlistnum   = 1
[LOG] SystemI::createSoundInternal             :     exinfo->suggestedsoundtype = 5
[LOG] SystemI::createSoundInternal             :     Format has 1 subsounds.
[LOG] SystemI::createSoundInternal             :     Create as FMOD_CREATESTREAM
[LOG] System::createSoundInternal              :     decode buffersize = 19200 : blocksize = 256 : format = 2
[LOG] SystemI::createSample                    :     mode 02012082 length 19200 samples, lengthbytes 65856
[LOG] SystemI::createSample                    :     channels = 2
[LOG] SystemI::createSample                    :     output = 000000008C80FFC8
[LOG] OutputSoftware::createSample             :     lengthpcm 19200, lengthbytes 65856, channels 2, format 2, freq 48000, mode 0201208a
[LOG] System::createSoundInternal              :     1 subsounds detected.
[LOG] System::createSoundInternal              :     Seek stream to start
[LOG] System::createSoundInternal              :     switch file handle from small blocking single buffered to large nonblocking doublebuffered.
[LOG] SystemI::createSoundInternal             :     done.  OpenState now = FMOD_OPENSTATE_READY.

[LOG] AsyncThread::threadFunc                  : Finished Asynchronous operation on sound 000000009FEBCC48
[LOG] AsyncThread::threadFunc                  : Starting Asynchronous operation on sound 000000009FEBCDF8
[LOG] SystemI::createSoundInternal             :     filename = Sound\Build\Desktop/Master Bank.bank : mode 02012082
[LOG] SystemI::createSoundInternal             :     exinfo->cbsize             = 232
[LOG] SystemI::createSoundInternal             :     exinfo->length             = 24523232
[LOG] SystemI::createSoundInternal             :     exinfo->fileoffset         = 93824
[LOG] SystemI::createSoundInternal             :     exinfo->numsubsounds       = 1
[LOG] SystemI::createSoundInternal             :     exinfo->inclusionlist      = 000000008C9131E8
[LOG] SystemI::createSoundInternal             :     exinfo->inclusionlistnum   = 1
[LOG] SystemI::createSoundInternal             :     exinfo->suggestedsoundtype = 5
[LOG] SystemI::createSoundInternal             :     Format has 1 subsounds.
[LOG] SystemI::createSoundInternal             :     Create as FMOD_CREATESTREAM
[LOG] System::createSoundInternal              :     decode buffersize = 19200 : blocksize = 256 : format = 2
[LOG] SystemI::createSample                    :     mode 02012082 length 19200 samples, lengthbytes 65856
[LOG] SystemI::createSample                    :     channels = 2
[LOG] SystemI::createSample                    :     output = 000000008C80FFC8
[LOG] OutputSoftware::createSample             :     lengthpcm 19200, lengthbytes 65856, channels 2, format 2, freq 48000, mode 0201208a
[LOG] System::createSoundInternal              :     1 subsounds detected.
[LOG] System::createSoundInternal              :     Seek stream to start
[LOG] System::createSoundInternal              :     switch file handle from small blocking single buffered to large nonblocking doublebuffered.
[LOG] SystemI::createSoundInternal             :     done.  OpenState now = FMOD_OPENSTATE_READY.

[LOG] AsyncThread::threadFunc                  : Finished Asynchronous operation on sound 000000009FEBCDF8
[LOG] AsyncThread::threadFunc                  : Starting Asynchronous operation on sound 000000009FEBC078
[LOG] SystemI::createSoundInternal             :     filename = Sound\Build\Desktop/Master Bank.bank : mode 02012082
[LOG] SystemI::createSoundInternal             :     exinfo->cbsize             = 232
[LOG] SystemI::createSoundInternal             :     exinfo->length             = 24523232
[LOG] SystemI::createSoundInternal             :     exinfo->fileoffset         = 93824
[LOG] SystemI::createSoundInternal             :     exinfo->numsubsounds       = 1
[LOG] SystemI::createSoundInternal             :     exinfo->inclusionlist      = 000000008C9135D8
[LOG] SystemI::createSoundInternal             :     exinfo->inclusionlistnum   = 1
[LOG] SystemI::createSoundInternal             :     exinfo->suggestedsoundtype = 5
[LOG] SystemI::createSoundInternal             :     Format has 1 subsounds.
[LOG] SystemI::createSoundInternal             :     Create as FMOD_CREATESTREAM
[LOG] System::createSoundInternal              :     decode buffersize = 19200 : blocksize = 256 : format = 2
[LOG] SystemI::createSample                    :     mode 02012082 length 19200 samples, lengthbytes 3789888
[LOG] SystemI::createSample                    :     channels = 2
[LOG] SystemI::createSample                    :     output = 000000008C80FFC8
[LOG] OutputSoftware::createSample             :     lengthpcm 19200, lengthbytes 3789888, channels 2, format 2, freq 48000, mode 0201208a
[LOG] System::createSoundInternal              :     1 subsounds detected.
[LOG] System::createSoundInternal              :     Seek stream to start
[LOG] System::createSoundInternal              :     switch file handle from small blocking single buffered to large nonblocking doublebuffered.
[LOG] SystemI::createSoundInternal             :     done.  OpenState now = FMOD_OPENSTATE_READY.

[LOG] AsyncThread::threadFunc                  : Finished Asynchronous operation on sound 000000009FEBC078
[LOG] AsyncThread::threadFunc                  : Starting Asynchronous operation on sound 000000009FD89878
[LOG] SystemI::createSoundInternal             :     filename = Sound\Build\Desktop/Master Bank.bank : mode 02012082
[LOG] SystemI::createSoundInternal             :     exinfo->cbsize             = 232
[LOG] SystemI::createSoundInternal             :     exinfo->length             = 24523232
[LOG] SystemI::createSoundInternal             :     exinfo->fileoffset         = 93824
[LOG] SystemI::createSoundInternal             :     exinfo->numsubsounds       = 1
[LOG] SystemI::createSoundInternal             :     exinfo->inclusionlist      = 000000008C912DF8
[LOG] SystemI::createSoundInternal             :     exinfo->inclusionlistnum   = 1
[LOG] SystemI::createSoundInternal             :     exinfo->suggestedsoundtype = 5
[LOG] SystemI::createSoundInternal             :     Format has 1 subsounds.
[LOG] SystemI::createSoundInternal             :     Create as FMOD_CREATESTREAM
[LOG] System::createSoundInternal              :     decode buffersize = 19200 : blocksize = 256 : format = 2
[LOG] SystemI::createSample                    :     mode 02012082 length 19200 samples, lengthbytes 4256096
[LOG] SystemI::createSample                    :     channels = 2
[LOG] SystemI::createSample                    :     output = 000000008C80FFC8
[LOG] OutputSoftware::createSample             :     lengthpcm 19200, lengthbytes 4256096, channels 2, format 2, freq 48000, mode 0201208a
[LOG] System::createSoundInternal              :     1 subsounds detected.
[LOG] System::createSoundInternal              :     Seek stream to start
[LOG] System::createSoundInternal              :     switch file handle from small blocking single buffered to large nonblocking doublebuffered.
[LOG] SystemI::createSoundInternal             :     done.  OpenState now = FMOD_OPENSTATE_READY.

[LOG] AsyncThread::threadFunc                  : Finished Asynchronous operation on sound 000000009FD89878
[LOG] AsyncThread::threadFunc                  : Starting Asynchronous operation on sound 000000009FD89F38
[LOG] SystemI::createSoundInternal             :     filename = Sound\Build\Desktop/Master Bank.bank : mode 02012082
[LOG] SystemI::createSoundInternal             :     exinfo->cbsize             = 232
[LOG] SystemI::createSoundInternal             :     exinfo->length             = 24523232
[LOG] SystemI::createSoundInternal             :     exinfo->fileoffset         = 93824
[LOG] SystemI::createSoundInternal             :     exinfo->numsubsounds       = 1
[LOG] SystemI::createSoundInternal             :     exinfo->inclusionlist      = 000000008C9128B8
[LOG] SystemI::createSoundInternal             :     exinfo->inclusionlistnum   = 1
[LOG] SystemI::createSoundInternal             :     exinfo->suggestedsoundtype = 5
[LOG] SystemI::createSoundInternal             :     Format has 1 subsounds.
[LOG] SystemI::createSoundInternal             :     Create as FMOD_CREATESTREAM
[LOG] System::createSoundInternal              :     decode buffersize = 19200 : blocksize = 256 : format = 2
[LOG] SystemI::createSample                    :     mode 02012082 length 19200 samples, lengthbytes 5332352
[LOG] SystemI::createSample                    :     channels = 2
[LOG] SystemI::createSample                    :     output = 000000008C80FFC8
[LOG] OutputSoftware::createSample             :     lengthpcm 19200, lengthbytes 5332352, channels 2, format 2, freq 48000, mode 0201208a
[LOG] System::createSoundInternal              :     1 subsounds detected.
[LOG] System::createSoundInternal              :     Seek stream to start
[LOG] System::createSoundInternal              :     switch file handle from small blocking single buffered to large nonblocking doublebuffered.
[LOG] SystemI::createSoundInternal             :     done.  OpenState now = FMOD_OPENSTATE_READY.

[LOG] AsyncThread::threadFunc                  : Finished Asynchronous operation on sound 000000009FD89F38
[LOG] SoundI::getSubSound                      : sound 000000009FB66DD8.  Subsound index 0 / 1
[LOG] SoundI::getSubSound                      : starting non blocking seek and setting sound to not ready state
[LOG] SoundI::getSubSound                      : finished preparing nonblocking getSubSound seek
[LOG] AsyncThread::threadFunc                  : Starting Asynchronous operation on sound 000000008C746368
[LOG] SoundI::getSubSound                      : sound 000000009FB66F88.  Subsound index 0 / 1
[LOG] SoundI::getSubSound                      :     starting non blocking seek and setting sound to not ready state
[LOG] AsyncThread::threadFunc                  :     done setposition
[LOG] SoundI::getSubSound                      :     finished preparing nonblocking getSubSound seek
[LOG] SoundI::getSubSound                      :     sound 000000009FB67138.  Subsound index 0 / 1
[LOG] SoundI::getSubSound                      :     starting non blocking seek and setting sound to not ready state
[LOG] SoundI::getSubSound                      :     finished preparing nonblocking getSubSound seek
[LOG] SoundI::getSubSound                      :     sound 000000009FB67498.  Subsound index 0 / 1
[LOG] SoundI::getSubSound                      :     starting non blocking seek and setting sound to not ready state
[LOG] SoundI::getSubSound                      :     finished preparing nonblocking getSubSound seek
[LOG] SoundI::getSubSound                      :     sound 000000009FB66718.  Subsound index 0 / 1
[LOG] SoundI::getSubSound                      :     starting non blocking seek and setting sound to not ready state
[LOG] SoundI::getSubSound                      :     finished preparing nonblocking getSubSound seek
[LOG] SoundI::getSubSound                      :     sound 000000009FB66A78.  Subsound index 0 / 1
[LOG] SoundI::getSubSound                      :     starting non blocking seek and setting sound to not ready state
[LOG] SoundI::getSubSound                      :     finished preparing nonblocking getSubSound seek
[LOG] SoundI::getSubSound                      :     sound 000000009FB66C28.  Subsound index 0 / 1
[LOG] SoundI::getSubSound                      :     starting non blocking seek and setting sound to not ready state
[LOG] SoundI::getSubSound                      :     finished preparing nonblocking getSubSound seek
[LOG] SoundI::getSubSound                      :     sound 000000009FEBCA98.  Subsound index 0 / 1
[LOG] SoundI::getSubSound                      :     starting non blocking seek and setting sound to not ready state
[LOG] SoundI::getSubSound                      :     finished preparing nonblocking getSubSound seek
[LOG] SoundI::getSubSound                      :     sound 000000009FEBC8E8.  Subsound index 0 / 1
[LOG] SoundI::getSubSound                      :     starting non blocking seek and setting sound to not ready state
[LOG] SoundI::getSubSound                      :     finished preparing nonblocking getSubSound seek
[LOG] SoundI::getSubSound                      :     sound 000000009FEBC3D8.  Subsound index 0 / 1
[LOG] SoundI::getSubSound                      :     starting non blocking seek and setting sound to not ready state
[LOG] SoundI::getSubSound                      :     finished preparing nonblocking getSubSound seek
[LOG] SoundI::getSubSound                      :     sound 000000009FEBC228.  Subsound index 0 / 1
[LOG] SoundI::getSubSound                      :     starting non blocking seek and setting sound to not ready state
[LOG] SoundI::getSubSound                      :     finished preparing nonblocking getSubSound seek
[LOG] SoundI::getSubSound                      :     sound 000000009FEBC588.  Subsound index 0 / 1
[LOG] SoundI::getSubSound                      :     starting non blocking seek and setting sound to not ready state
[LOG] SoundI::getSubSound                      :     finished preparing nonblocking getSubSound seek
[LOG] SoundI::getSubSound                      :     sound 000000009FEBC738.  Subsound index 0 / 1
[LOG] SoundI::getSubSound                      :     starting non blocking seek and setting sound to not ready state
[LOG] SoundI::getSubSound                      :     finished preparing nonblocking getSubSound seek
[LOG] SoundI::getSubSound                      :     sound 000000009FEBCC48.  Subsound index 0 / 1
[LOG] SoundI::getSubSound                      :     starting non blocking seek and setting sound to not ready state
[LOG] SoundI::getSubSound                      :     finished preparing nonblocking getSubSound seek
[LOG] SoundI::getSubSound                      :     sound 000000009FEBCDF8.  Subsound index 0 / 1
[LOG] SoundI::getSubSound                      :     starting non blocking seek and setting sound to not ready state
[LOG] SoundI::getSubSound                      :     finished preparing nonblocking getSubSound seek
[LOG] SoundI::getSubSound                      :     sound 000000009FEBC078.  Subsound index 0 / 1
[LOG] SoundI::getSubSound                      :     starting non blocking seek and setting sound to not ready state
[LOG] SoundI::getSubSound                      :     finished preparing nonblocking getSubSound seek
[LOG] SoundI::getSubSound                      :     sound 000000009FD89878.  Subsound index 0 / 1
[LOG] SoundI::getSubSound                      :     starting non blocking seek and setting sound to not ready state
[LOG] AsyncThread::threadFunc                  :     done flush
[LOG] SoundI::getSubSound                      :     finished preparing nonblocking getSubSound seek
[LOG] AsyncThread::threadFunc                  : Finished Asynchronous operation on sound 000000008C746368
[LOG] SoundI::getSubSound                      : sound 000000009FD89F38.  Subsound index 0 / 1
[LOG] AsyncThread::threadFunc                  : Starting Asynchronous operation on sound 000000009FDD33A8
[LOG] SoundI::getSubSound                      : starting non blocking seek and setting sound to not ready state
[LOG] AsyncThread::threadFunc                  :     done setposition
[LOG] SoundI::getSubSound                      :     finished preparing nonblocking getSubSound seek
[LOG] AsyncThread::threadFunc                  :     done flush
[LOG] AsyncThread::threadFunc                  : Finished Asynchronous operation on sound 000000009FDD33A8
[LOG] AsyncThread::threadFunc                  : Starting Asynchronous operation on sound 000000009FDD3708
[LOG] AsyncThread::threadFunc                  :     done setposition
[LOG] AsyncThread::threadFunc                  :     done flush
[LOG] AsyncThread::threadFunc                  : Finished Asynchronous operation on sound 000000009FDD3708
[LOG] AsyncThread::threadFunc                  : Starting Asynchronous operation on sound 000000009FDD3048
[LOG] AsyncThread::threadFunc                  :     done setposition
[LOG] AsyncThread::threadFunc                  :     done flush
[LOG] AsyncThread::threadFunc                  : Finished Asynchronous operation on sound 000000009FDD3048
[LOG] AsyncThread::threadFunc                  : Starting Asynchronous operation on sound 000000009FDD2E98
[LOG] AsyncThread::threadFunc                  :     done setposition
[LOG] AsyncThread::threadFunc                  :     done flush
[LOG] AsyncThread::threadFunc                  : Finished Asynchronous operation on sound 000000009FDD2E98
[LOG] AsyncThread::threadFunc                  : Starting Asynchronous operation on sound 000000009FDD2B38
[LOG] AsyncThread::threadFunc                  :     done setposition
[LOG] AsyncThread::threadFunc                  :     done flush
[LOG] AsyncThread::threadFunc                  : Finished Asynchronous operation on sound 000000009FDD2B38
[LOG] AsyncThread::threadFunc                  : Starting Asynchronous operation on sound 000000009FDD3558
[LOG] AsyncThread::threadFunc                  :     done setposition
[LOG] AsyncThread::threadFunc                  :     done flush
[LOG] AsyncThread::threadFunc                  : Finished Asynchronous operation on sound 000000009FDD3558
[LOG] AsyncThread::threadFunc                  : Starting Asynchronous operation on sound 000000009FDD31F8
[LOG] AsyncThread::threadFunc                  :     done setposition
[LOG] AsyncThread::threadFunc                  :     done flush
[LOG] AsyncThread::threadFunc                  : Finished Asynchronous operation on sound 000000009FDD31F8
[LOG] AsyncThread::threadFunc                  : Starting Asynchronous operation on sound 000000009FDD38B8
[LOG] AsyncThread::threadFunc                  :     done setposition
[LOG] AsyncThread::threadFunc                  :     done flush
[LOG] AsyncThread::threadFunc                  : Finished Asynchronous operation on sound 000000009FDD38B8
[LOG] AsyncThread::threadFunc                  : Starting Asynchronous operation on sound 000000009FDD2CE8
[LOG] AsyncThread::threadFunc                  :     done setposition
[LOG] AsyncThread::threadFunc                  :     done flush
[LOG] AsyncThread::threadFunc                  : Finished Asynchronous operation on sound 000000009FDD2CE8
[LOG] AsyncThread::threadFunc                  : Starting Asynchronous operation on sound 000000009FE74C48
[LOG] AsyncThread::threadFunc                  :     done setposition
[LOG] AsyncThread::threadFunc                  :     done flush
[LOG] AsyncThread::threadFunc                  : Finished Asynchronous operation on sound 000000009FE74C48
[LOG] AsyncThread::threadFunc                  : Starting Asynchronous operation on sound 000000009FE74A98
[LOG] AsyncThread::threadFunc                  :     done setposition
[LOG] AsyncThread::threadFunc                  :     done flush
[LOG] AsyncThread::threadFunc                  : Finished Asynchronous operation on sound 000000009FE74A98
[LOG] AsyncThread::threadFunc                  : Starting Asynchronous operation on sound 000000009FE74DF8
[LOG] AsyncThread::threadFunc                  :     done setposition
[LOG] AsyncThread::threadFunc                  :     done flush
[LOG] AsyncThread::threadFunc                  : Finished Asynchronous operation on sound 000000009FE74DF8
[LOG] AsyncThread::threadFunc                  : Starting Asynchronous operation on sound 000000009FE74FA8
[LOG] AsyncThread::threadFunc                  :     done setposition
[LOG] AsyncThread::threadFunc                  :     done flush
[LOG] AsyncThread::threadFunc                  : Finished Asynchronous operation on sound 000000009FE74FA8
[LOG] AsyncThread::threadFunc                  : Starting Asynchronous operation on sound 000000009FE75158
[LOG] AsyncThread::threadFunc                  :     done setposition
[LOG] AsyncThread::threadFunc                  :     done flush
[LOG] AsyncThread::threadFunc                  : Finished Asynchronous operation on sound 000000009FE75158
[LOG] AsyncThread::threadFunc                  : Starting Asynchronous operation on sound 000000009FE75308
[LOG] AsyncThread::threadFunc                  :     done setposition
[LOG] AsyncThread::threadFunc                  :     done flush
[LOG] AsyncThread::threadFunc                  : Finished Asynchronous operation on sound 000000009FE75308
[LOG] AsyncThread::threadFunc                  : Starting Asynchronous operation on sound 000000009FE754B8
[LOG] AsyncThread::threadFunc                  :     done setposition
[LOG] AsyncThread::threadFunc                  :     done flush
[LOG] AsyncThread::threadFunc                  : Finished Asynchronous operation on sound 000000009FE754B8
[LOG] AsyncThread::threadFunc                  : Starting Asynchronous operation on sound 000000009FE75668
[LOG] AsyncThread::threadFunc                  :     done setposition
[LOG] AsyncThread::threadFunc                  :     done flush
[LOG] AsyncThread::threadFunc                  : Finished Asynchronous operation on sound 000000009FE75668
[LOG] AsyncThread::threadFunc                  : Starting Asynchronous operation on sound 000000008C746368
[LOG] AsyncThread::threadFunc                  : Finished Asynchronous operation on sound 000000008C746368
[LOG] AsyncThread::threadFunc                  : Starting Asynchronous operation on sound 000000009FDD33A8
[LOG] AsyncThread::threadFunc                  : Finished Asynchronous operation on sound 000000009FDD33A8
[LOG] AsyncThread::threadFunc                  : Starting Asynchronous operation on sound 000000009FDD3708
[LOG] AsyncThread::threadFunc                  : Finished Asynchronous operation on sound 000000009FDD3708
[LOG] AsyncThread::threadFunc                  : Starting Asynchronous operation on sound 000000009FDD3048
[LOG] AsyncThread::threadFunc                  : Finished Asynchronous operation on sound 000000009FDD3048
[LOG] AsyncThread::threadFunc                  : Starting Asynchronous operation on sound 000000009FDD2E98
[LOG] AsyncThread::threadFunc                  : Finished Asynchronous operation on sound 000000009FDD2E98
[LOG] AsyncThread::threadFunc                  : Starting Asynchronous operation on sound 000000009FDD2B38
[LOG] AsyncThread::threadFunc                  : Finished Asynchronous operation on sound 000000009FDD2B38
[LOG] AsyncThread::threadFunc                  : Starting Asynchronous operation on sound 000000009FDD3558
[LOG] AsyncThread::threadFunc                  : Finished Asynchronous operation on sound 000000009FDD3558
[LOG] AsyncThread::threadFunc                  : Starting Asynchronous operation on sound 000000009FDD31F8
[LOG] AsyncThread::threadFunc                  : Finished Asynchronous operation on sound 000000009FDD31F8
[LOG] AsyncThread::threadFunc                  : Starting Asynchronous operation on sound 000000009FDD38B8
[LOG] AsyncThread::threadFunc                  : Finished Asynchronous operation on sound 000000009FDD38B8
[LOG] AsyncThread::threadFunc                  : Starting Asynchronous operation on sound 000000009FDD2CE8
[LOG] AsyncThread::threadFunc                  : Finished Asynchronous operation on sound 000000009FDD2CE8
[LOG] AsyncThread::threadFunc                  : Starting Asynchronous operation on sound 000000009FE74C48
[LOG] AsyncThread::threadFunc                  : Finished Asynchronous operation on sound 000000009FE74C48
[LOG] AsyncThread::threadFunc                  : Starting Asynchronous operation on sound 000000009FE74A98
[LOG] AsyncThread::threadFunc                  : Finished Asynchronous operation on sound 000000009FE74A98
[LOG] AsyncThread::threadFunc                  : Starting Asynchronous operation on sound 000000009FE74DF8
[LOG] AsyncThread::threadFunc                  : Finished Asynchronous operation on sound 000000009FE74DF8
[LOG] AsyncThread::threadFunc                  : Starting Asynchronous operation on sound 000000009FE74FA8
[LOG] AsyncThread::threadFunc                  : Finished Asynchronous operation on sound 000000009FE74FA8
[LOG] AsyncThread::threadFunc                  : Starting Asynchronous operation on sound 000000009FE75158
[LOG] AsyncThread::threadFunc                  : Finished Asynchronous operation on sound 000000009FE75158
[LOG] AsyncThread::threadFunc                  : Starting Asynchronous operation on sound 000000009FE75308
[LOG] AsyncThread::threadFunc                  : Finished Asynchronous operation on sound 000000009FE75308
[LOG] AsyncThread::threadFunc                  : Starting Asynchronous operation on sound 000000009FE754B8
[LOG] AsyncThread::threadFunc                  : Finished Asynchronous operation on sound 000000009FE754B8
[LOG] AsyncThread::threadFunc                  : Starting Asynchronous operation on sound 000000009FE75668
[LOG] AsyncThread::threadFunc                  : Finished Asynchronous operation on sound 000000009FE75668
[LOG] SoundI::release                          : Track No01 (000000009FEBCC48)
[LOG] SoundI::release                          : remove stream samples. (000000009FEBCC48)
[LOG] SoundI::release                          :     Track No01 (000000009FE12CC8)
[LOG] SoundI::release                          :     done
[LOG] SoundI::release                          : release subsounds. (000000009FEBCC48)
[LOG] SoundI::release                          :     Track No01 (000000009FE74FA8)
[LOG] SoundI::release                          :     done
[LOG] SoundI::release                          : release codec. (000000009FEBCC48)
[LOG] SoundI::release                          : done
[LOG] SoundI::release                          : Track No01 (000000009FEBC738)
[LOG] SoundI::release                          : remove stream samples. (000000009FEBC738)
[LOG] SoundI::release                          :     Track No01 (000000009FE11C88)
[LOG] SoundI::release                          :     done
[LOG] SoundI::release                          : release subsounds. (000000009FEBC738)
[LOG] SoundI::release                          :     Track No01 (000000009FE74DF8)
[LOG] SoundI::release                          :     done
[LOG] SoundI::release                          : release codec. (000000009FEBC738)
[LOG] SoundI::release                          : done
[LOG] SoundI::release                          : Track No01 (000000009FEBC228)
[LOG] SoundI::release                          : remove stream samples. (000000009FEBC228)
[LOG] SoundI::release                          :     Track No01 (000000009FE12988)
[LOG] SoundI::release                          :     done
[LOG] SoundI::release                          : release subsounds. (000000009FEBC228)
[LOG] SoundI::release                          :     Track No01 (000000009FE74C48)
[LOG] SoundI::release                          :     done
[LOG] SoundI::release                          : release codec. (000000009FEBC228)
[LOG] SoundI::release                          : done
[LOG] SoundI::release                          : Track No01 (000000009FEBC3D8)
[LOG] SoundI::release                          : remove stream samples. (000000009FEBC3D8)
[LOG] SoundI::release                          :     Track No01 (000000009FE127E8)
[LOG] SoundI::release                          :     done
[LOG] SoundI::release                          : release subsounds. (000000009FEBC3D8)
[LOG] SoundI::release                          :     Track No01 (000000009FDD2CE8)
[LOG] SoundI::release                          :     done
[LOG] SoundI::release                          : release codec. (000000009FEBC3D8)
[LOG] SoundI::release                          : done
[LOG] SoundI::release                          : Track No01 (000000009FEBCA98)
[LOG] SoundI::release                          : remove stream samples. (000000009FEBCA98)
[LOG] SoundI::release                          :     Track No01 (000000009FE11468)
[LOG] SoundI::release                          :     done
[LOG] SoundI::release                          : release subsounds. (000000009FEBCA98)
[LOG] SoundI::release                          :     Track No01 (000000009FDD31F8)
[LOG] SoundI::release                          :     done
[LOG] SoundI::release                          : release codec. (000000009FEBCA98)
[LOG] SoundI::release                          : done
[LOG] SoundI::release                          : Track No01 (000000009FB66C28)
[LOG] SoundI::release                          : remove stream samples. (000000009FB66C28)
[LOG] SoundI::release                          :     Track No01 (000000009FE12648)
[LOG] SoundI::release                          :     done
[LOG] SoundI::release                          : release subsounds. (000000009FB66C28)
[LOG] SoundI::release                          :     Track No01 (000000009FDD3558)
[LOG] SoundI::release                          :     done
[LOG] SoundI::release                          : release codec. (000000009FB66C28)
[LOG] SoundI::release                          : done
[LOG] SoundI::release                          : Track No01 (000000009FB66718)
[LOG] SoundI::release                          : remove stream samples. (000000009FB66718)
[LOG] SoundI::release                          :     Track No01 (000000009FE124A8)
[LOG] SoundI::release                          :     done
[LOG] SoundI::release                          : release subsounds. (000000009FB66718)
[LOG] SoundI::release                          :     Track No01 (000000009FDD2E98)
[LOG] SoundI::release                          :     done
[LOG] SoundI::release                          : release codec. (000000009FB66718)
[LOG] SoundI::release                          : done
[LOG] SoundI::release                          : Track No01 (000000009FB67498)
[LOG] SoundI::release                          : remove stream samples. (000000009FB67498)
[LOG] SoundI::release                          :     Track No01 (000000009FED1A48)
[LOG] SoundI::release                          :     done
[LOG] SoundI::release                          : release subsounds. (000000009FB67498)
[LOG] SoundI::release                          :     Track No01 (000000009FDD3048)
[LOG] SoundI::release                          :     done
[LOG] SoundI::release                          : release codec. (000000009FB67498)
[LOG] SoundI::release                          : done
[LOG] SoundI::release                          : Track No01 (000000009FB66F88)
[LOG] SoundI::release                          : remove stream samples. (000000009FB66F88)
[LOG] SoundI::release                          :     Track No01 (000000009FED0BA8)
[LOG] SoundI::release                          :     done
[LOG] SoundI::release                          : release subsounds. (000000009FB66F88)
[LOG] SoundI::release                          :     Track No01 (000000009FDD33A8)
[LOG] SoundI::release                          :     done
[LOG] SoundI::release                          : release codec. (000000009FB66F88)
[LOG] SoundI::release                          : done
[LOG] SoundI::release                          : Track No01 (000000009FB66DD8)
[LOG] SoundI::release                          : remove stream samples. (000000009FB66DD8)
[LOG] SoundI::release                          :     Track No01 (000000009FED13C8)
[LOG] SoundI::release                          :     done
[LOG] SoundI::release                          : release subsounds. (000000009FB66DD8)
[LOG] SoundI::release                          :     Track No01 (000000008C746368)
[LOG] SoundI::release                          :     done
[LOG] SoundI::release                          : release codec. (000000009FB66DD8)
[LOG] SoundI::release                          : done
[LOG] SoundI::release                          : Track No01 (000000009FEBCDF8)
[LOG] SoundI::release                          : remove stream samples. (000000009FEBCDF8)
[LOG] SoundI::release                          :     Track No01 (000000009FE11FC8)
[LOG] SoundI::release                          :     done
[LOG] SoundI::release                          : release subsounds. (000000009FEBCDF8)
[LOG] SoundI::release                          :     Track No01 (000000009FE75158)
[LOG] SoundI::release                          :     done
[LOG] SoundI::release                          : release codec. (000000009FEBCDF8)
[LOG] SoundI::release                          : done
[LOG] SoundI::release                          : Track No01 (000000009FEBC588)
[LOG] SoundI::release                          : remove stream samples. (000000009FEBC588)
[LOG] SoundI::release                          :     Track No01 (000000009FE11608)
[LOG] SoundI::release                          :     done
[LOG] SoundI::release                          : release subsounds. (000000009FEBC588)
[LOG] SoundI::release                          :     Track No01 (000000009FE74A98)
[LOG] SoundI::release                          :     done
[LOG] SoundI::release                          : release codec. (000000009FEBC588)
[LOG] SoundI::release                          : done
[LOG] SoundI::release                          : Track No01 (000000009FEBC8E8)
[LOG] SoundI::release                          : remove stream samples. (000000009FEBC8E8)
[LOG] SoundI::release                          :     Track No01 (000000009FE12B28)
[LOG] SoundI::release                          :     done
[LOG] SoundI::release                          : release subsounds. (000000009FEBC8E8)
[LOG] SoundI::release                          :     Track No01 (000000009FDD38B8)
[LOG] SoundI::release                          :     done
[LOG] SoundI::release                          : release codec. (000000009FEBC8E8)
[LOG] SoundI::release                          : done
[LOG] SoundI::release                          : Track No01 (000000009FB66A78)
[LOG] SoundI::release                          : remove stream samples. (000000009FB66A78)
[LOG] SoundI::release                          :     Track No01 (000000009FE11948)
[LOG] SoundI::release                          :     done
[LOG] SoundI::release                          : release subsounds. (000000009FB66A78)
[LOG] SoundI::release                          :     Track No01 (000000009FDD2B38)
[LOG] SoundI::release                          :     done
[LOG] SoundI::release                          : release codec. (000000009FB66A78)
[LOG] SoundI::release                          : done
[LOG] SoundI::release                          : Track No01 (000000009FB67138)
[LOG] SoundI::release                          : remove stream samples. (000000009FB67138)
[LOG] SoundI::release                          :     Track No01 (000000009FED0EE8)
[LOG] SoundI::release                          :     done
[LOG] SoundI::release                          : release subsounds. (000000009FB67138)
[LOG] SoundI::release                          :     Track No01 (000000009FDD3708)
[LOG] SoundI::release                          :     done
[LOG] SoundI::release                          : release codec. (000000009FB67138)
[LOG] SoundI::release                          : done
[LOG] SoundI::release                          : Percnoclick (000000009FD89F38)
[LOG] SoundI::release                          : remove stream samples. (000000009FD89F38)
[LOG] SoundI::release                          :     Percnoclick (000000009FE11E28)
[LOG] SoundI::release                          :     done
[LOG] SoundI::release                          : release subsounds. (000000009FD89F38)
[LOG] SoundI::release                          :     Percnoclick (000000009FE75668)
[LOG] SoundI::release                          :     done
[LOG] SoundI::release                          : release codec. (000000009FD89F38)
[LOG] SoundI::release                          : done
[LOG] SoundI::release                          : Melnoclick (000000009FD89878)
[LOG] SoundI::release                          : remove stream samples. (000000009FD89878)
[LOG] SoundI::release                          :     Melnoclick (000000009FE12168)
[LOG] SoundI::release                          :     done
[LOG] SoundI::release                          : release subsounds. (000000009FD89878)
[LOG] SoundI::release                          :     Melnoclick (000000009FE754B8)
[LOG] SoundI::release                          :     done
[LOG] SoundI::release                          : release codec. (000000009FD89878)
[LOG] SoundI::release                          : done
[LOG] SoundI::release                          : Armnoclick (000000009FEBC078)
[LOG] SoundI::release                          : remove stream samples. (000000009FEBC078)
[LOG] SoundI::release                          :     Armnoclick (000000009FE131A8)
[LOG] SoundI::release                          :     done
[LOG] SoundI::release                          : release subsounds. (000000009FEBC078)
[LOG] SoundI::release                          :     Armnoclick (000000009FE75308)
[LOG] SoundI::release                          :     done
[LOG] SoundI::release                          : release codec. (000000009FEBC078)
[LOG] SoundI::release                          : done
[LOG] Thread::callback                         : FMOD Studio update thread finished.
[LOG] Thread::callback                         : FMOD Studio bank load thread finished.
[LOG] Profile::disconnectAll                   : Profiler disconnecting all clients
[LOG] Thread::callback                         : FMOD Studio sample load thread finished.
[LOG] LiveUpdate::release                      : 
[LOG] LiveUpdate::reset                        : Reset connection (reason Disconnected)
[LOG] SystemI::close                           : 
[LOG] SystemI::close                           : Stop all sounds
[LOG] Thread::callback                         : FMOD stream thread finished.
[LOG] SystemI::close                           : Stream thread destroyed
[LOG] Thread::callback                         : FMOD mixer thread finished.
[LOG] SystemI::close                           : Free master channel group.
[LOG] SystemI::close                           : Remove 'master' sound group.
[LOG] SystemI::close                           : Free software output.
[LOG] SystemI::close                           : Free emulated output.
[LOG] SystemI::close                           : Free channel pool.
[LOG] Thread::callback                         : FMOD nonblocking thread (0) finished.
[LOG] Thread::callback                         : FMOD file thread finished.
[LOG] SystemI::close                           : done.

